<?xml version="1.0" encoding="UTF-8"?>
<testsuite xmlns:xsi="http://www.w3.org/2001/XMLSchema-instance" xsi:noNamespaceSchemaLocation="https://maven.apache.org/surefire/maven-surefire-plugin/xsd/surefire-test-report-3.0.xsd" version="3.0" name="com.bxb.sunduk_pay.SundukPayApplicationTests" time="16.02" tests="1" errors="0" skipped="0" failures="0">
  <properties>
[...]
</properties>
  <testcase name="contextLoads" classname="com.bxb.sunduk_pay.SundukPayApplicationTests" time="1.427">
    <system-out><![CDATA[ERROR StatusConsoleListener Unable to locate appender "RollingFileAppender" for logger config "root"
2025-10-10 16:41:09 [main] INFO  org.springframework.test.context.support.AnnotationConfigContextLoaderUtils - Could not detect default configuration classes for test class [com.bxb.sunduk_pay.SundukPayApplicationTests]: SundukPayApplicationTests does not declare any static, non-private, non-final, nested classes annotated with @Configuration.
2025-10-10 16:41:09 [main] INFO  org.springframework.boot.test.context.SpringBootTestContextBootstrapper - Found @SpringBootConfiguration com.bxb.sunduk_pay.SundukPayApplication for test class com.bxb.sunduk_pay.SundukPayApplicationTests
ERROR StatusConsoleListener Unable to locate appender "RollingFileAppender" for logger config "root"

  .   ____          _            __ _ _
 /\\ / ___'_ __ _ _(_)_ __  __ _ \ \ \ \
( ( )\___ | '_ | '_| | '_ \/ _` | \ \ \ \
 \\/  ___)| |_)| | | | | || (_| |  ) ) ) )
  '  |____| .__|_| |_|_| |_\__, | / / / /
 =========|_|==============|___/=/_/_/_/
 :: Spring Boot ::                (v3.1.9)

2025-10-10 16:41:10 [main] WARN  org.springframework.boot.test.json.DuplicateJsonObjectContextCustomizerFactory$DuplicateJsonObjectContextCustomizer - 

Found multiple occurrences of org.json.JSONObject on the class path:

	jar:file:/C:/Users/LENOVO/.m2/repository/org/json/json/20240303/json-20240303.jar!/org/json/JSONObject.class
	jar:file:/C:/Users/LENOVO/.m2/repository/com/vaadin/external/google/android-json/0.0.20131108.vaadin1/android-json-0.0.20131108.vaadin1.jar!/org/json/JSONObject.class

You may wish to exclude one of them to ensure predictable runtime behavior

2025-10-10 16:41:10 [main] INFO  com.bxb.sunduk_pay.SundukPayApplicationTests - Starting SundukPayApplicationTests using Java 22.0.2 with PID 5640 (started by LENOVO in C:\Users\LENOVO\Projects\sunduk-pay)
2025-10-10 16:41:10 [main] INFO  com.bxb.sunduk_pay.SundukPayApplicationTests - No active profile set, falling back to 1 default profile: "default"
2025-10-10 16:41:13 [main] INFO  org.springframework.data.repository.config.RepositoryConfigurationDelegate - Bootstrapping Spring Data MongoDB repositories in DEFAULT mode.
2025-10-10 16:41:13 [main] INFO  org.springframework.data.repository.config.RepositoryConfigurationDelegate - Finished Spring Data repository scanning in 160 ms. Found 6 MongoDB repository interfaces.
2025-10-10 16:41:14 [main] INFO  org.springframework.cloud.context.scope.GenericScope - BeanFactory id=e1608a7c-52c0-3fee-be91-45592ec2bd9d
2025-10-10 16:41:15 [main] INFO  org.mongodb.driver.client - MongoClient with metadata {"driver": {"name": "mongo-java-driver|sync|spring-boot", "version": "4.9.1"}, "os": {"type": "Windows", "name": "Windows 11", "architecture": "amd64", "version": "10.0"}, "platform": "Java/Eclipse Adoptium/22.0.2+9"} created with settings MongoClientSettings{readPreference=primary, writeConcern=WriteConcern{w=null, wTimeout=null ms, journal=null}, retryWrites=true, retryReads=true, readConcern=ReadConcern{level=null}, credential=null, streamFactoryFactory=null, commandListeners=[], codecRegistry=ProvidersCodecRegistry{codecProviders=[ValueCodecProvider{}, BsonValueCodecProvider{}, DBRefCodecProvider{}, DBObjectCodecProvider{}, DocumentCodecProvider{}, CollectionCodecProvider{}, IterableCodecProvider{}, MapCodecProvider{}, GeoJsonCodecProvider{}, GridFSFileCodecProvider{}, Jsr310CodecProvider{}, JsonObjectCodecProvider{}, BsonCodecProvider{}, EnumCodecProvider{}, com.mongodb.client.model.mql.ExpressionCodecProvider@7e94de5f, com.mongodb.Jep395RecordCodecProvider@499c4d61]}, loggerSettings=LoggerSettings{maxDocumentLength=1000}, clusterSettings={hosts=[localhost:27017], srvServiceName=mongodb, mode=SINGLE, requiredClusterType=UNKNOWN, requiredReplicaSetName='null', serverSelector='null', clusterListeners='[]', serverSelectionTimeout='30000 ms', localThreshold='30000 ms'}, socketSettings=SocketSettings{connectTimeoutMS=10000, readTimeoutMS=0, receiveBufferSize=0, sendBufferSize=0}, heartbeatSocketSettings=SocketSettings{connectTimeoutMS=10000, readTimeoutMS=10000, receiveBufferSize=0, sendBufferSize=0}, connectionPoolSettings=ConnectionPoolSettings{maxSize=100, minSize=0, maxWaitTimeMS=120000, maxConnectionLifeTimeMS=0, maxConnectionIdleTimeMS=0, maintenanceInitialDelayMS=0, maintenanceFrequencyMS=60000, connectionPoolListeners=[], maxConnecting=2}, serverSettings=ServerSettings{heartbeatFrequencyMS=10000, minHeartbeatFrequencyMS=500, serverListeners='[]', serverMonitorListeners='[]'}, sslSettings=SslSettings{enabled=false, invalidHostNameAllowed=false, context=null}, applicationName='null', compressorList=[], uuidRepresentation=JAVA_LEGACY, serverApi=null, autoEncryptionSettings=null, contextProvider=null}
2025-10-10 16:41:16 [cluster-ClusterId{value='68e8e9d363add7202576c9f7', description='null'}-localhost:27017] INFO  org.mongodb.driver.cluster - Monitor thread successfully connected to server with description ServerDescription{address=localhost:27017, type=STANDALONE, state=CONNECTED, ok=true, minWireVersion=0, maxWireVersion=25, maxDocumentSize=16777216, logicalSessionTimeoutMinutes=30, roundTripTimeNanos=52504700}
2025-10-10 16:41:17 [main] INFO  com.zaxxer.hikari.HikariDataSource - HikariPool-1 - Starting...
2025-10-10 16:41:17 [main] INFO  com.zaxxer.hikari.pool.HikariPool - HikariPool-1 - Added connection conn0: url=jdbc:h2:mem:fc717ba0-3187-4c30-9775-491858a89e9e user=SA
2025-10-10 16:41:17 [main] INFO  com.zaxxer.hikari.HikariDataSource - HikariPool-1 - Start completed.
2025-10-10 16:41:17 [main] INFO  com.bxb.sunduk_pay.batch.BatchConfig - Creating Step: fetchRatesStep
2025-10-10 16:41:17 [main] INFO  com.bxb.sunduk_pay.batch.BatchConfig - Creating Job: ExchangeRatesJob
2025-10-10 16:41:18 [main] INFO  com.bxb.sunduk_pay.serviceImpl.StripeServiceImpl - Stripe API key initialized.
2025-10-10 16:41:20 [main] INFO  org.springframework.security.web.DefaultSecurityFilterChain - Will secure any request with [org.springframework.security.web.session.DisableEncodeUrlFilter@170b27a7, org.springframework.security.web.context.request.async.WebAsyncManagerIntegrationFilter@79392584, org.springframework.security.web.context.SecurityContextHolderFilter@e09c7a2, org.springframework.security.web.header.HeaderWriterFilter@702e21c, org.springframework.web.filter.CorsFilter@cf82c58, org.springframework.security.web.authentication.logout.LogoutFilter@2ab1c7a9, org.springframework.security.oauth2.client.web.OAuth2AuthorizationRequestRedirectFilter@6b578779, org.springframework.security.oauth2.client.web.OAuth2LoginAuthenticationFilter@14f03f2, com.bxb.sunduk_pay.config.AuthenticationFilter@64df8422, org.springframework.security.web.authentication.ui.DefaultLoginPageGeneratingFilter@655d5285, org.springframework.security.web.authentication.ui.DefaultLogoutPageGeneratingFilter@1407b93f, org.springframework.security.web.session.ConcurrentSessionFilter@106c3e0a, org.springframework.security.web.savedrequest.RequestCacheAwareFilter@735dc133, org.springframework.security.web.servletapi.SecurityContextHolderAwareRequestFilter@480fb706, org.springframework.security.web.authentication.AnonymousAuthenticationFilter@5aff8207, org.springframework.security.web.session.SessionManagementFilter@449f9628, org.springframework.security.web.access.ExceptionTranslationFilter@2d7df55, org.springframework.security.web.access.intercept.AuthorizationFilter@6eeb15f9]
2025-10-10 16:41:22 [main] INFO  com.bxb.sunduk_pay.SundukPayApplicationTests - Started SundukPayApplicationTests in 12.631 seconds (process running for 16.191)
]]></system-out>
    <system-err><![CDATA[WARNING: A Java agent has been loaded dynamically (C:\Users\LENOVO\.m2\repository\net\bytebuddy\byte-buddy-agent\1.14.12\byte-buddy-agent-1.14.12.jar)
WARNING: If a serviceability tool is in use, please run with -XX:+EnableDynamicAgentLoading to hide this warning
WARNING: If a serviceability tool is not in use, please run with -Djdk.instrument.traceUsage for more information
WARNING: Dynamic loading of agents will be disallowed by default in a future release
]]></system-err>
  </testcase>
</testsuite>